2018-08-08 19:13:36,521 - Startup - INFO - Thread-1 - Connected to broker 
2018-08-08 19:13:36,524 - Startup - INFO - Thread-1 - Subscribed with QoS: 2
2018-08-08 19:13:36,576 - Startup - INFO - Thread-2 - Connected to broker 
2018-08-08 19:14:45,536 - Startup - INFO - Thread-1 - Connected to broker 
2018-08-08 19:14:45,540 - Startup - INFO - Thread-1 - Subscribed with QoS: 2
2018-08-08 19:14:45,592 - Startup - INFO - Thread-2 - Connected to broker 
2018-08-08 20:36:36,048 - Startup - INFO - MainThread - Connected to broker 
2018-08-08 21:05:17,651 - Startup - INFO - MainThread - Connected to broker 
2018-08-08 21:08:16,812 - __main__ - ERROR - MainThread - Thread "Thread-1" died, terminating now.
2018-08-08 21:10:03,204 - __main__ - ERROR - MainThread - Thread "casse" died, terminating now.
2018-08-08 21:35:08,268 - __main__ - ERROR - MainThread - Thread "casse" died, terminating now.
2018-08-08 21:36:34,728 - __main__ - ERROR - MainThread - Thread "casse" died, terminating now.
2018-08-08 21:44:25,802 - Startup - INFO - MainThread - Start processing: casse
2018-08-08 21:54:56,793 - Startup - INFO - casse - Start processing: casse
2018-08-08 21:54:56,846 - Startup - INFO - eq - Start processing: eq
2018-08-08 22:41:14,230 - Startup - INFO - casse - Start processing: casse
2018-08-08 22:41:14,231 - Startup - INFO - casse - Connected to broker 
2018-08-08 22:41:14,234 - Startup - INFO - casse - Subscribed with QoS: 2
2018-08-08 22:41:14,285 - Startup - INFO - eq - Start processing: eq
2018-08-08 22:41:14,286 - Startup - INFO - eq - Connected to broker 
2018-08-08 22:41:14,287 - Startup - INFO - eq - Subscribed with QoS: 2
2018-08-08 22:41:54,327 - __main__ - ERROR - MainThread - Thread "eq" died, terminating now.
2018-08-08 22:45:12,196 - Startup - INFO - casse - Start processing: casse
2018-08-08 22:45:12,197 - Startup - INFO - casse - Connected to broker 
2018-08-08 22:45:12,200 - Startup - INFO - casse - Subscribed with QoS: 2
2018-08-08 22:45:12,252 - Startup - INFO - eq - Start processing: eq
2018-08-08 22:45:12,253 - Startup - INFO - eq - Connected to broker 
2018-08-08 22:45:12,255 - Startup - INFO - eq - Subscribed with QoS: 2
2018-08-08 22:46:35,967 - Startup - INFO - eq - Received the msg: 
2018-08-08 22:46:35,969 - Startup - ERROR - eq - Impossible to deserialize JSON object.
2018-08-08 22:47:46,106 - Startup - INFO - eq - Received the msg: {"COMMAND" : "ON"}
2018-08-08 22:52:21,412 - Startup - INFO - casse - Start processing: casse
2018-08-08 22:52:21,417 - Startup - INFO - casse - Connected to broker 
2018-08-08 22:52:21,458 - Startup - INFO - casse - Subscribed with QoS: 2
2018-08-08 22:52:21,469 - Startup - INFO - eq - Start processing: eq
2018-08-08 22:52:21,470 - Startup - INFO - eq - Connected to broker 
2018-08-08 22:52:21,471 - Startup - INFO - eq - Subscribed with QoS: 2
2018-08-08 22:52:21,519 - Startup - INFO - eq - Received the msg: {"COMMAND" : "ON"}
2018-08-08 22:52:29,980 - Startup - INFO - eq - Received the msg: {"COMMAND" : "ON"}
2018-08-08 22:53:57,263 - Startup - INFO - casse - Start processing: casse
2018-08-08 22:53:57,265 - Startup - INFO - casse - Connected to broker 
2018-08-08 22:53:57,268 - Startup - INFO - casse - Subscribed with QoS: 2
2018-08-08 22:53:57,319 - Startup - INFO - eq - Start processing: eq
2018-08-08 22:53:57,320 - Startup - INFO - eq - Connected to broker 
2018-08-08 22:53:57,322 - Startup - INFO - eq - Subscribed with QoS: 2
2018-08-08 22:53:57,369 - Startup - INFO - eq - Received the msg: {"COMMAND" : "ON"}
2018-08-08 22:53:57,370 - Startup - INFO - eq - Command COMMAND executed
2018-08-08 22:53:57,371 - Startup - ERROR - eq - Switch.active_instance.pub_msg( message_dictionary)
2018-08-08 22:59:15,974 - Startup - INFO - casse - Start processing: casse
2018-08-08 22:59:15,976 - Startup - INFO - casse - Connected to broker 
2018-08-08 22:59:15,980 - Startup - INFO - casse - Subscribed with QoS: 2
2018-08-08 22:59:16,029 - Startup - INFO - eq - Start processing: eq
2018-08-08 22:59:16,030 - Startup - INFO - eq - Connected to broker 
2018-08-08 22:59:16,031 - Startup - INFO - eq - Subscribed with QoS: 2
2018-08-08 22:59:16,079 - Startup - INFO - eq - Received the msg: {"COMMAND" : "ON"}
2018-08-08 22:59:16,080 - Startup - INFO - eq - Command ON executed
2018-08-08 22:59:25,461 - Startup - INFO - eq - Received the msg: {"COMMAND" : "ON"}
2018-08-08 22:59:25,462 - Startup - INFO - eq - Command ON executed
2018-08-08 23:04:55,877 - Startup - INFO - eq - Received the msg: {"COMMAND":"ON"}
2018-08-08 23:04:55,879 - Startup - INFO - eq - Command ON executed
2018-08-08 23:05:32,677 - Startup - INFO - eq - Received the msg: {"COMMAND" : "OFF"}
2018-08-08 23:05:32,679 - Startup - INFO - eq - Command OFF executed
2018-08-08 23:06:07,686 - Startup - INFO - eq - Received the msg: {"COMMAND":"OFF"}
2018-08-08 23:06:07,688 - Startup - INFO - eq - Command OFF executed
2018-08-08 23:06:08,486 - Startup - INFO - eq - Received the msg: {"COMMAND":"OFF"}
2018-08-08 23:06:08,488 - Startup - INFO - eq - Command OFF executed
2018-08-08 23:06:08,669 - Startup - INFO - eq - Received the msg: {"COMMAND":"OFF"}
2018-08-08 23:06:08,671 - Startup - INFO - eq - Command OFF executed
2018-08-08 23:06:08,845 - Startup - INFO - eq - Received the msg: {"COMMAND":"OFF"}
2018-08-08 23:06:08,847 - Startup - INFO - eq - Command OFF executed
2018-08-08 23:06:09,016 - Startup - INFO - eq - Received the msg: {"COMMAND":"OFF"}
2018-08-08 23:06:09,018 - Startup - INFO - eq - Command OFF executed
2018-08-08 23:06:09,195 - Startup - INFO - eq - Received the msg: {"COMMAND":"OFF"}
2018-08-08 23:06:09,197 - Startup - INFO - eq - Command OFF executed
2018-08-08 23:09:56,032 - Startup - INFO - casse - Start processing: casse
2018-08-08 23:09:56,033 - Startup - INFO - casse - Connected to broker 
2018-08-08 23:09:56,037 - Startup - INFO - casse - Subscribed with QoS: 2
2018-08-08 23:09:56,088 - Startup - INFO - eq - Start processing: eq
2018-08-08 23:09:56,105 - Startup - INFO - eq - Connected to broker 
2018-08-08 23:09:56,108 - Startup - INFO - eq - Subscribed with QoS: 2
2018-08-08 23:10:34,895 - Startup - INFO - casse - Start processing: casse
2018-08-08 23:10:34,896 - Startup - INFO - casse - Connected to broker 
2018-08-08 23:10:34,900 - Startup - INFO - casse - Subscribed with QoS: 2
2018-08-08 23:10:34,951 - Startup - INFO - eq - Start processing: eq
2018-08-08 23:10:34,969 - Startup - INFO - eq - Connected to broker 
2018-08-08 23:10:34,971 - Startup - INFO - eq - Subscribed with QoS: 2
2018-08-08 23:11:28,599 - Startup - INFO - casse - Start processing: casse
2018-08-08 23:11:28,601 - Startup - INFO - casse - Connected to broker 
2018-08-08 23:11:28,603 - Startup - INFO - casse - Subscribed with QoS: 2
2018-08-08 23:11:28,654 - Startup - INFO - eq - Start processing: eq
2018-08-08 23:11:28,655 - Startup - INFO - eq - Connected to broker 
2018-08-08 23:11:28,657 - Startup - INFO - eq - Subscribed with QoS: 2
2018-08-08 23:11:28,699 - Startup - INFO - eq - Received the msg: {"COMMAND" : "ON"}
2018-08-08 23:11:28,700 - Startup - INFO - eq - Command ON executed
2018-08-08 23:14:25,074 - Startup - INFO - casse - Start processing: casse
2018-08-08 23:14:25,076 - Startup - INFO - casse - Connected to broker 
2018-08-08 23:14:25,079 - Startup - INFO - casse - Subscribed with QoS: 2
2018-08-08 23:14:25,130 - Startup - INFO - eq - Start processing: eq
2018-08-08 23:14:25,132 - Startup - INFO - eq - Connected to broker 
2018-08-08 23:14:25,134 - Startup - INFO - eq - Subscribed with QoS: 2
2018-08-08 23:14:25,179 - Startup - INFO - eq - Received the msg: {"COMMAND" : "ON"}
2018-08-08 23:14:25,180 - Startup - INFO - eq - Command ON executed
2018-08-08 23:15:27,341 - Startup - INFO - casse - Start processing: casse
2018-08-08 23:15:27,342 - Startup - INFO - casse - Connected to broker 
2018-08-08 23:15:27,345 - Startup - INFO - casse - Subscribed with QoS: 2
2018-08-08 23:15:27,396 - Startup - INFO - eq - Start processing: eq
2018-08-08 23:15:27,397 - Startup - INFO - eq - Connected to broker 
2018-08-08 23:15:27,399 - Startup - INFO - eq - Subscribed with QoS: 2
2018-08-08 23:15:27,449 - Startup - INFO - eq - Received the msg: {"COMMAND" : "ON"}
2018-08-08 23:15:27,450 - Startup - INFO - eq - Command ON executed
